<?xml version="1.0" encoding="UTF-8" ?>
<testsuite tests="8" failures="0" name="TestSuites.TestSuite" time="13.186" errors="0" skipped="0">
  <properties>
[...]
</properties>
  <testcase classname="Successfully login to application" name="user launch a application" time="4.871"/>
  <testcase classname="Successfully login to application" name="user enter email address &quot;admin@yourstore.com&quot; and password &quot;admin&quot;" time="0.297"/>
  <testcase classname="Successfully login to application" name="user click on Login button" time="5.002"/>
  <testcase classname="Successfully login to application" name="verify user should see Page title &quot;Dashboard / nopCommerce administration&quot;" time="0.001"/>
  <testcase classname="Successfully login to application" name="user click on logout link" time="2.681"/>
  <testcase classname="Successfully login to application" name="verify user should see Page title &quot;Your store. Login&quot;" time="0.002"/>
  <testcase classname="Successfully login to application" name="close the browser" time="0.166"/>
  <testcase classname="Successfully login to application" name="Successfully login to application" time="0.166"/>
</testsuite>